Determining if the pthread_create exist failed with the following output:
Change Dir: /home/rice/sum18_ws/build/CMakeFiles/CMakeTmp

Run Build Command:"/usr/bin/make" "cmTC_c5604/fast"
/usr/bin/make -f CMakeFiles/cmTC_c5604.dir/build.make CMakeFiles/cmTC_c5604.dir/build
make[1]: Entering directory '/home/rice/sum18_ws/build/CMakeFiles/CMakeTmp'
Building C object CMakeFiles/cmTC_c5604.dir/CheckSymbolExists.c.o
/usr/bin/cc     -o CMakeFiles/cmTC_c5604.dir/CheckSymbolExists.c.o   -c /home/rice/sum18_ws/build/CMakeFiles/CMakeTmp/CheckSymbolExists.c
Linking C executable cmTC_c5604
/usr/bin/cmake -E cmake_link_script CMakeFiles/cmTC_c5604.dir/link.txt --verbose=1
/usr/bin/cc       CMakeFiles/cmTC_c5604.dir/CheckSymbolExists.c.o  -o cmTC_c5604 -rdynamic 
CMakeFiles/cmTC_c5604.dir/CheckSymbolExists.c.o: In function `main':
CheckSymbolExists.c:(.text+0x16): undefined reference to `pthread_create'
collect2: error: ld returned 1 exit status
CMakeFiles/cmTC_c5604.dir/build.make:97: recipe for target 'cmTC_c5604' failed
make[1]: *** [cmTC_c5604] Error 1
make[1]: Leaving directory '/home/rice/sum18_ws/build/CMakeFiles/CMakeTmp'
Makefile:126: recipe for target 'cmTC_c5604/fast' failed
make: *** [cmTC_c5604/fast] Error 2

File /home/rice/sum18_ws/build/CMakeFiles/CMakeTmp/CheckSymbolExists.c:
/* */
#include <pthread.h>

int main(int argc, char** argv)
{
  (void)argv;
#ifndef pthread_create
  return ((int*)(&pthread_create))[argc];
#else
  (void)argc;
  return 0;
#endif
}

Determining if the function pthread_create exists in the pthreads failed with the following output:
Change Dir: /home/rice/sum18_ws/build/CMakeFiles/CMakeTmp

Run Build Command:"/usr/bin/make" "cmTC_003fb/fast"
/usr/bin/make -f CMakeFiles/cmTC_003fb.dir/build.make CMakeFiles/cmTC_003fb.dir/build
make[1]: Entering directory '/home/rice/sum18_ws/build/CMakeFiles/CMakeTmp'
Building C object CMakeFiles/cmTC_003fb.dir/CheckFunctionExists.c.o
/usr/bin/cc    -DCHECK_FUNCTION_EXISTS=pthread_create   -o CMakeFiles/cmTC_003fb.dir/CheckFunctionExists.c.o   -c /usr/share/cmake-3.5/Modules/CheckFunctionExists.c
Linking C executable cmTC_003fb
/usr/bin/cmake -E cmake_link_script CMakeFiles/cmTC_003fb.dir/link.txt --verbose=1
/usr/bin/cc   -DCHECK_FUNCTION_EXISTS=pthread_create    CMakeFiles/cmTC_003fb.dir/CheckFunctionExists.c.o  -o cmTC_003fb -rdynamic -lpthreads 
/usr/bin/ld: cannot find -lpthreads
collect2: error: ld returned 1 exit status
CMakeFiles/cmTC_003fb.dir/build.make:97: recipe for target 'cmTC_003fb' failed
make[1]: *** [cmTC_003fb] Error 1
make[1]: Leaving directory '/home/rice/sum18_ws/build/CMakeFiles/CMakeTmp'
Makefile:126: recipe for target 'cmTC_003fb/fast' failed
make: *** [cmTC_003fb/fast] Error 2


